<?xml version="1.0" encoding="UTF-8"?>
<!-- Generated by org.testng.reporters.JUnitXMLReporter -->
<testsuite ignored="0" hostname="L-INE-7PMWM93" failures="0" tests="1" name="BuyBook" time="0.037" errors="0" timestamp="2023-06-09T10:34:12 IST">
  <testcase classname="CommonFunctions.CommonFunctions" name="@BeforeSuite lanchBrowser" time="0.009">
    <failure type="java.lang.NullPointerException" message="Cannot invoke &amp;quot;java.util.Properties.getProperty(String)&amp;quot; because &amp;quot;CommonFunctions.CommonFunctions.prop&amp;quot; is null">
      <![CDATA[java.lang.NullPointerException: Cannot invoke "java.util.Properties.getProperty(String)" because "CommonFunctions.CommonFunctions.prop" is null
at CommonFunctions.CommonFunctions.lanchBrowser(CommonFunctions.java:35)
... Removed 19 stack frames]]>
    </failure>
  </testcase> <!-- @BeforeSuite lanchBrowser -->
  <testcase classname="TestCase.BuyBooks" name="Order_Book_TC" time="0.0">
    <skipped/>
  </testcase> <!-- Order_Book_TC -->
</testsuite> <!-- BuyBook -->
